<?xml version="1.0" encoding="UTF-8"?>
<testsuite xmlns:xsi="http://www.w3.org/2001/XMLSchema-instance" xsi:noNamespaceSchemaLocation="https://maven.apache.org/surefire/maven-surefire-plugin/xsd/surefire-test-report.xsd" version="3.0.1" name="com.app.Maven.MavenJava.AppTest" time="0.035" tests="1" errors="0" skipped="0" failures="0">
  <properties>
    <property name="java.specification.version" value="21"/>
    <property name="sun.cpu.isalist" value="amd64"/>
    <property name="sun.jnu.encoding" value="Cp1252"/>
    <property name="java.class.path" value="C:\Users\91801\OneDrive\Desktop\Maven\MavenJava\target\test-classes;C:\Users\91801\OneDrive\Desktop\Maven\MavenJava\target\classes;C:\Users\91801\.m2\repository\org\junit\jupiter\junit-jupiter-api\5.11.0\junit-jupiter-api-5.11.0.jar;C:\Users\91801\.m2\repository\org\opentest4j\opentest4j\1.3.0\opentest4j-1.3.0.jar;C:\Users\91801\.m2\repository\org\junit\platform\junit-platform-commons\1.11.0\junit-platform-commons-1.11.0.jar;C:\Users\91801\.m2\repository\org\apiguardian\apiguardian-api\1.1.2\apiguardian-api-1.1.2.jar;C:\Users\91801\.m2\repository\org\junit\jupiter\junit-jupiter-params\5.11.0\junit-jupiter-params-5.11.0.jar;"/>
    <property name="java.vm.vendor" value="Oracle Corporation"/>
    <property name="sun.arch.data.model" value="64"/>
    <property name="user.variant" value=""/>
    <property name="java.vendor.url" value="https://java.oracle.com/"/>
    <property name="user.timezone" value="Asia/Calcutta"/>
    <property name="os.name" value="Windows 11"/>
    <property name="java.vm.specification.version" value="21"/>
    <property name="sun.java.launcher" value="SUN_STANDARD"/>
    <property name="user.country" value="IN"/>
    <property name="sun.boot.library.path" value="C:\Program Files\Java\jdk-21\bin"/>
    <property name="sun.java.command" value="C:\Users\91801\AppData\Local\Temp\surefire5822100120727553976\surefirebooter-20250101124538356_3.jar C:\Users\91801\AppData\Local\Temp\surefire5822100120727553976 2025-01-01T12-45-38_231-jvmRun1 surefire-20250101124538356_1tmp surefire_0-20250101124538356_2tmp"/>
    <property name="jdk.debug" value="release"/>
    <property name="surefire.test.class.path" value="C:\Users\91801\OneDrive\Desktop\Maven\MavenJava\target\test-classes;C:\Users\91801\OneDrive\Desktop\Maven\MavenJava\target\classes;C:\Users\91801\.m2\repository\org\junit\jupiter\junit-jupiter-api\5.11.0\junit-jupiter-api-5.11.0.jar;C:\Users\91801\.m2\repository\org\opentest4j\opentest4j\1.3.0\opentest4j-1.3.0.jar;C:\Users\91801\.m2\repository\org\junit\platform\junit-platform-commons\1.11.0\junit-platform-commons-1.11.0.jar;C:\Users\91801\.m2\repository\org\apiguardian\apiguardian-api\1.1.2\apiguardian-api-1.1.2.jar;C:\Users\91801\.m2\repository\org\junit\jupiter\junit-jupiter-params\5.11.0\junit-jupiter-params-5.11.0.jar;"/>
    <property name="sun.cpu.endian" value="little"/>
    <property name="user.home" value="C:\Users\91801"/>
    <property name="user.language" value="en"/>
    <property name="java.specification.vendor" value="Oracle Corporation"/>
    <property name="java.version.date" value="2024-01-16"/>
    <property name="java.home" value="C:\Program Files\Java\jdk-21"/>
    <property name="file.separator" value="\"/>
    <property name="basedir" value="C:\Users\91801\OneDrive\Desktop\Maven\MavenJava"/>
    <property name="style.color" value="always"/>
    <property name="java.vm.compressedOopsMode" value="Zero based"/>
    <property name="line.separator" value="&#10;"/>
    <property name="java.vm.specification.vendor" value="Oracle Corporation"/>
    <property name="java.specification.name" value="Java Platform API Specification"/>
    <property name="surefire.real.class.path" value="C:\Users\91801\AppData\Local\Temp\surefire5822100120727553976\surefirebooter-20250101124538356_3.jar"/>
    <property name="user.script" value=""/>
    <property name="sun.management.compiler" value="HotSpot 64-Bit Tiered Compilers"/>
    <property name="java.runtime.version" value="21.0.2+13-LTS-58"/>
    <property name="user.name" value="91801"/>
    <property name="stdout.encoding" value="Cp1252"/>
    <property name="path.separator" value=";"/>
    <property name="os.version" value="10.0"/>
    <property name="java.runtime.name" value="Java(TM) SE Runtime Environment"/>
    <property name="file.encoding" value="UTF-8"/>
    <property name="java.vm.name" value="Java HotSpot(TM) 64-Bit Server VM"/>
    <property name="localRepository" value="C:\Users\91801\.m2\repository"/>
    <property name="java.vendor.url.bug" value="https://bugreport.java.com/bugreport/"/>
    <property name="java.io.tmpdir" value="C:\Users\91801\AppData\Local\Temp\"/>
    <property name="java.version" value="21.0.2"/>
    <property name="user.dir" value="C:\Users\91801\OneDrive\Desktop\Maven\MavenJava"/>
    <property name="os.arch" value="amd64"/>
    <property name="java.vm.specification.name" value="Java Virtual Machine Specification"/>
    <property name="sun.os.patch.level" value=""/>
    <property name="native.encoding" value="Cp1252"/>
    <property name="java.library.path" value="C:\Program Files\Java\jdk-21\bin;C:\windows\Sun\Java\bin;C:\windows\system32;C:\windows;D:\Android\bin;C:\app\91801\product\21c\dbhomeXE\jdbc\lib\ojdbc11_g.jar;C:\Program Files\Common Files\Oracle\Java\javapath;C:\windows\system32;C:\windows;C:\windows\System32\Wbem;C:\windows\System32\WindowsPowerShell\v1.0\;C:\windows\System32\OpenSSH\;C:\MinGW\bin;C:\MinGW\bin;C:\Program Files\dotnet\;C:\Users\91801\AppData\Roaming\npm;C:\Program Files\HP\HP One Agent;C:\Users\91801\Downloads\chrome-win64\chrome-win64\chrome.exe;C:\Users\91801\Downloads\chromedriver-win64\chromedriver-win64\chromedriver.exe;C:\Program Files\Java\jdk-21\bin;C:\Users\91801\Downloads\STRIPE\;C:\Program Files\Java\apache-maven-3.9.9\bin;C:\ProgramData\chocolatey\bin;C:\Program Files\nodejs\;C:\Program Files\Docker\Docker\resources\bin;C:\Program Files\Git\cmd;D:\Android\bin;C:\Program Files\Java\apache-maven-3.9.9\bin;C:\Program Files\MySQL\MySQL Shell 8.0\bin\;C:\Program Files\Microsoft MPI\Bin\;C:\Users\91801\AppData\Local\Programs\Python\Python311\Scripts\;C:\Users\91801\AppData\Local\Programs\Python\Python311\;C:\Users\91801\anaconda3;C:\Users\91801\anaconda3\Library\mingw-w64\bin;C:\Users\91801\anaconda3\Library\usr\bin;C:\Users\91801\anaconda3\Library\bin;C:\Users\91801\anaconda3\Scripts;C:\Users\91801\AppData\Local\Microsoft\WindowsApps;C:\Program Files\JetBrains\IntelliJ IDEA Community Edition 2022.3\bin;C:\MinGW\bin;C:\Program Files\JetBrains\PyCharm Community Edition 2023.1\bin;C:\Users\91801\Downloads\ngrok-v3-stable-windows-amd64;C:\Program Files\nodejs;C:\Users\91801\AppData\Local\GitHubDesktop\bin;C:\ngrok;C:\Program Files\Java\jdk-21\bin;C:\Program Files\Java\jdk-21\jre1.8.0_51\lib\ext;C:\Program Files\Java\ojdbc11.jar;C:\app\91801\product\21c\dbhomeXE\jdbc\lib\ojdbc11_g.jar;C:\Users\91801\AppData\Local\Programs\Microsoft VS Code\bin;C:\Users\91801\Downloads\STRIPE\;C:\Users\91801\AppData\Roaming\npm;D:\mongosh\;."/>
    <property name="java.vm.info" value="mixed mode, sharing"/>
    <property name="stderr.encoding" value="Cp1252"/>
    <property name="java.vendor" value="Oracle Corporation"/>
    <property name="java.vm.version" value="21.0.2+13-LTS-58"/>
    <property name="sun.io.unicode.encoding" value="UnicodeLittle"/>
    <property name="java.class.version" value="65.0"/>
  </properties>
  <testcase name="shouldAnswerWithTrue" classname="com.app.Maven.MavenJava.AppTest" time="0.015"/>
</testsuite>